# Logfile created on 2014-04-14 20:00:50 -0400 by logger.rb/31641
I, [2014-04-14T20:00:50.314585 #15906]  INFO -- : 0:  coffee-script-source (1.7.0) from /usr/local/rvm/gems/ruby-1.9.3-p194@working/specifications/coffee-script-source-1.7.0.gemspec
I, [2014-04-14T20:00:50.317518 #15906]  INFO -- : 0:  execjs (2.0.2) from /usr/local/rvm/gems/ruby-1.9.3-p194@working/specifications/execjs-2.0.2.gemspec
I, [2014-04-14T20:00:50.325867 #15906]  INFO -- : 0:  coffee-script (2.2.0) from /usr/local/rvm/gems/ruby-1.9.3-p194@working/specifications/coffee-script-2.2.0.gemspec
I, [2014-04-14T20:00:50.340984 #15906]  INFO -- : 0:  hike (1.2.3) from /usr/local/rvm/gems/ruby-1.9.3-p194@working/specifications/hike-1.2.3.gemspec
I, [2014-04-14T20:00:50.343655 #15906]  INFO -- : 0:  multi_json (1.9.2) from /usr/local/rvm/gems/ruby-1.9.3-p194@working/specifications/multi_json-1.9.2.gemspec
I, [2014-04-14T20:00:50.346853 #15906]  INFO -- : 0:  rack (1.5.2) from /usr/local/rvm/gems/ruby-1.9.3-p194@working/specifications/rack-1.5.2.gemspec
I, [2014-04-14T20:00:50.353711 #15906]  INFO -- : 0:  tilt (1.4.1) from /usr/local/rvm/gems/ruby-1.9.3-p194@working/specifications/tilt-1.4.1.gemspec
I, [2014-04-14T20:00:51.964159 #15906]  INFO -- : 0:  sprockets (2.12.0) from /usr/local/rvm/gems/ruby-1.9.3-p194@working/specifications/sprockets-2.12.0.gemspec
I, [2014-04-14T20:00:53.234799 #15906]  INFO -- : 0:  sprockets-sass (1.0.3) from /usr/local/rvm/gems/ruby-1.9.3-p194@working/specifications/sprockets-sass-1.0.3.gemspec
I, [2014-04-14T20:00:53.239233 #15906]  INFO -- : 0:  bundler (1.5.1) from /usr/local/rvm/gems/ruby-1.9.3-p194@working/specifications/bundler-1.5.1.gemspec
I, [2014-04-14T20:02:09.580277 #15913]  INFO -- : 0:  coffee-script-source (1.7.0) from /usr/local/rvm/gems/ruby-1.9.3-p194@working/specifications/coffee-script-source-1.7.0.gemspec
I, [2014-04-14T20:02:09.581941 #15913]  INFO -- : 0:  execjs (2.0.2) from /usr/local/rvm/gems/ruby-1.9.3-p194@working/specifications/execjs-2.0.2.gemspec
I, [2014-04-14T20:02:09.584176 #15913]  INFO -- : 0:  coffee-script (2.2.0) from /usr/local/rvm/gems/ruby-1.9.3-p194@working/specifications/coffee-script-2.2.0.gemspec
I, [2014-04-14T20:02:09.585761 #15913]  INFO -- : 0:  hike (1.2.3) from /usr/local/rvm/gems/ruby-1.9.3-p194@working/specifications/hike-1.2.3.gemspec
I, [2014-04-14T20:02:09.587631 #15913]  INFO -- : 0:  multi_json (1.9.2) from /usr/local/rvm/gems/ruby-1.9.3-p194@working/specifications/multi_json-1.9.2.gemspec
I, [2014-04-14T20:02:09.589314 #15913]  INFO -- : 0:  rack (1.5.2) from /usr/local/rvm/gems/ruby-1.9.3-p194@working/specifications/rack-1.5.2.gemspec
I, [2014-04-14T20:02:09.590917 #15913]  INFO -- : 0:  tilt (1.4.1) from /usr/local/rvm/gems/ruby-1.9.3-p194@working/specifications/tilt-1.4.1.gemspec
I, [2014-04-14T20:02:09.593363 #15913]  INFO -- : 0:  sprockets (2.12.0) from /usr/local/rvm/gems/ruby-1.9.3-p194@working/specifications/sprockets-2.12.0.gemspec
I, [2014-04-14T20:02:09.595952 #15913]  INFO -- : 0:  sprockets-sass (1.0.3) from /usr/local/rvm/gems/ruby-1.9.3-p194@working/specifications/sprockets-sass-1.0.3.gemspec
I, [2014-04-14T20:02:09.598871 #15913]  INFO -- : 0:  bundler (1.5.1) from /usr/local/rvm/gems/ruby-1.9.3-p194@working/specifications/bundler-1.5.1.gemspec
I, [2014-04-14T20:02:46.181120 #15915]  INFO -- : 0:  coffee-script-source (1.7.0) from /usr/local/rvm/gems/ruby-1.9.3-p194@working/specifications/coffee-script-source-1.7.0.gemspec
I, [2014-04-14T20:02:46.182862 #15915]  INFO -- : 0:  execjs (2.0.2) from /usr/local/rvm/gems/ruby-1.9.3-p194@working/specifications/execjs-2.0.2.gemspec
I, [2014-04-14T20:02:46.187088 #15915]  INFO -- : 0:  coffee-script (2.2.0) from /usr/local/rvm/gems/ruby-1.9.3-p194@working/specifications/coffee-script-2.2.0.gemspec
I, [2014-04-14T20:02:46.189211 #15915]  INFO -- : 0:  hike (1.2.3) from /usr/local/rvm/gems/ruby-1.9.3-p194@working/specifications/hike-1.2.3.gemspec
I, [2014-04-14T20:02:46.191140 #15915]  INFO -- : 0:  multi_json (1.9.2) from /usr/local/rvm/gems/ruby-1.9.3-p194@working/specifications/multi_json-1.9.2.gemspec
I, [2014-04-14T20:02:46.193120 #15915]  INFO -- : 0:  rack (1.5.2) from /usr/local/rvm/gems/ruby-1.9.3-p194@working/specifications/rack-1.5.2.gemspec
I, [2014-04-14T20:02:46.195371 #15915]  INFO -- : 0:  tilt (1.4.1) from /usr/local/rvm/gems/ruby-1.9.3-p194@working/specifications/tilt-1.4.1.gemspec
I, [2014-04-14T20:02:46.197954 #15915]  INFO -- : 0:  sprockets (2.12.0) from /usr/local/rvm/gems/ruby-1.9.3-p194@working/specifications/sprockets-2.12.0.gemspec
I, [2014-04-14T20:02:46.199842 #15915]  INFO -- : 0:  sprockets-sass (1.0.3) from /usr/local/rvm/gems/ruby-1.9.3-p194@working/specifications/sprockets-sass-1.0.3.gemspec
I, [2014-04-14T20:02:46.201587 #15915]  INFO -- : 0:  bundler (1.5.1) from /usr/local/rvm/gems/ruby-1.9.3-p194@working/specifications/bundler-1.5.1.gemspec
I, [2014-04-14T20:03:16.865957 #15919]  INFO -- : 0:  coffee-script-source (1.7.0) from /usr/local/rvm/gems/ruby-1.9.3-p194@working/specifications/coffee-script-source-1.7.0.gemspec
I, [2014-04-14T20:03:16.867230 #15919]  INFO -- : 0:  execjs (2.0.2) from /usr/local/rvm/gems/ruby-1.9.3-p194@working/specifications/execjs-2.0.2.gemspec
I, [2014-04-14T20:03:16.871371 #15919]  INFO -- : 0:  coffee-script (2.2.0) from /usr/local/rvm/gems/ruby-1.9.3-p194@working/specifications/coffee-script-2.2.0.gemspec
I, [2014-04-14T20:03:16.873547 #15919]  INFO -- : 0:  hike (1.2.3) from /usr/local/rvm/gems/ruby-1.9.3-p194@working/specifications/hike-1.2.3.gemspec
I, [2014-04-14T20:03:16.875748 #15919]  INFO -- : 0:  multi_json (1.9.2) from /usr/local/rvm/gems/ruby-1.9.3-p194@working/specifications/multi_json-1.9.2.gemspec
I, [2014-04-14T20:03:16.878295 #15919]  INFO -- : 0:  rack (1.5.2) from /usr/local/rvm/gems/ruby-1.9.3-p194@working/specifications/rack-1.5.2.gemspec
I, [2014-04-14T20:03:16.880534 #15919]  INFO -- : 0:  sass (3.3.4) from /usr/local/rvm/gems/ruby-1.9.3-p194@working/specifications/sass-3.3.4.gemspec
I, [2014-04-14T20:03:16.882672 #15919]  INFO -- : 0:  tilt (1.4.1) from /usr/local/rvm/gems/ruby-1.9.3-p194@working/specifications/tilt-1.4.1.gemspec
I, [2014-04-14T20:03:16.884622 #15919]  INFO -- : 0:  sprockets (2.12.0) from /usr/local/rvm/gems/ruby-1.9.3-p194@working/specifications/sprockets-2.12.0.gemspec
I, [2014-04-14T20:03:16.887693 #15919]  INFO -- : 0:  sprockets-sass (1.0.3) from /usr/local/rvm/gems/ruby-1.9.3-p194@working/specifications/sprockets-sass-1.0.3.gemspec
I, [2014-04-14T20:03:16.890558 #15919]  INFO -- : 0:  bundler (1.5.1) from /usr/local/rvm/gems/ruby-1.9.3-p194@working/specifications/bundler-1.5.1.gemspec
